[debug] [2023-11-30T08:26:00.056Z] ----------------------------------------------------------------------
[debug] [2023-11-30T08:26:00.063Z] Command:       C:\Program Files\nodejs\node.exe C:\Users\AdriA\AppData\Roaming\npm\node_modules\firebase-tools\lib\bin\firebase.js deploy --only functions
[debug] [2023-11-30T08:26:00.065Z] CLI Version:   12.9.1
[debug] [2023-11-30T08:26:00.066Z] Platform:      win32
[debug] [2023-11-30T08:26:00.067Z] Node Version:  v18.16.0
[debug] [2023-11-30T08:26:00.070Z] Time:          Thu Nov 30 2023 15:26:00 GMT+0700 (Indochina Time)
[debug] [2023-11-30T08:26:00.071Z] ----------------------------------------------------------------------
[debug] 
[debug] [2023-11-30T08:26:00.312Z] Field ".functions" in "firebase.json" is possibly invalid: should be object
[debug] [2023-11-30T08:26:00.314Z] Field ".functions[0].runtime" in "firebase.json" is possibly invalid: should be equal to one of the allowed values
[debug] [2023-11-30T08:26:00.314Z] Field ".functions" in "firebase.json" is possibly invalid: should match some schema in anyOf
[debug] [2023-11-30T08:26:00.328Z] > command requires scopes: ["email","openid","https://www.googleapis.com/auth/cloudplatformprojects.readonly","https://www.googleapis.com/auth/firebase","https://www.googleapis.com/auth/cloud-platform"]
[debug] [2023-11-30T08:26:00.329Z] > authorizing via signed-in user (adriantori11@gmail.com)
[debug] [2023-11-30T08:26:00.330Z] [iam] checking project deployment-fsse-june-23 for permissions ["cloudfunctions.functions.create","cloudfunctions.functions.delete","cloudfunctions.functions.get","cloudfunctions.functions.list","cloudfunctions.functions.update","cloudfunctions.operations.get","firebase.projects.get"]
[debug] [2023-11-30T08:26:00.335Z] >>> [apiv2][query] POST https://cloudresourcemanager.googleapis.com/v1/projects/deployment-fsse-june-23:testIamPermissions [none]
[debug] [2023-11-30T08:26:00.336Z] >>> [apiv2][(partial)header] POST https://cloudresourcemanager.googleapis.com/v1/projects/deployment-fsse-june-23:testIamPermissions x-goog-quota-user=projects/deployment-fsse-june-23
[debug] [2023-11-30T08:26:00.336Z] >>> [apiv2][body] POST https://cloudresourcemanager.googleapis.com/v1/projects/deployment-fsse-june-23:testIamPermissions {"permissions":["cloudfunctions.functions.create","cloudfunctions.functions.delete","cloudfunctions.functions.get","cloudfunctions.functions.list","cloudfunctions.functions.update","cloudfunctions.operations.get","firebase.projects.get"]}
[debug] [2023-11-30T08:26:12.586Z] <<< [apiv2][status] POST https://cloudresourcemanager.googleapis.com/v1/projects/deployment-fsse-june-23:testIamPermissions 200
[debug] [2023-11-30T08:26:12.587Z] <<< [apiv2][body] POST https://cloudresourcemanager.googleapis.com/v1/projects/deployment-fsse-june-23:testIamPermissions {"permissions":["cloudfunctions.functions.create","cloudfunctions.functions.delete","cloudfunctions.functions.get","cloudfunctions.functions.list","cloudfunctions.functions.update","cloudfunctions.operations.get","firebase.projects.get"]}
[debug] [2023-11-30T08:26:12.588Z] >>> [apiv2][query] POST https://iam.googleapis.com/v1/projects/deployment-fsse-june-23/serviceAccounts/deployment-fsse-june-23@appspot.gserviceaccount.com:testIamPermissions [none]
[debug] [2023-11-30T08:26:12.588Z] >>> [apiv2][body] POST https://iam.googleapis.com/v1/projects/deployment-fsse-june-23/serviceAccounts/deployment-fsse-june-23@appspot.gserviceaccount.com:testIamPermissions {"permissions":["iam.serviceAccounts.actAs"]}
[debug] [2023-11-30T08:26:25.099Z] <<< [apiv2][status] POST https://iam.googleapis.com/v1/projects/deployment-fsse-june-23/serviceAccounts/deployment-fsse-june-23@appspot.gserviceaccount.com:testIamPermissions 200
[debug] [2023-11-30T08:26:25.100Z] <<< [apiv2][body] POST https://iam.googleapis.com/v1/projects/deployment-fsse-june-23/serviceAccounts/deployment-fsse-june-23@appspot.gserviceaccount.com:testIamPermissions {"permissions":["iam.serviceAccounts.actAs"]}
[info] 
[info] === Deploying to 'deployment-fsse-june-23'...
[info] 
[info] i  deploying functions 
[debug] [2023-11-30T08:26:25.109Z] >>> [apiv2][query] GET https://firebase.googleapis.com/v1beta1/projects/deployment-fsse-june-23 [none]
[debug] [2023-11-30T08:26:36.536Z] <<< [apiv2][status] GET https://firebase.googleapis.com/v1beta1/projects/deployment-fsse-june-23 200
[debug] [2023-11-30T08:26:36.536Z] <<< [apiv2][body] GET https://firebase.googleapis.com/v1beta1/projects/deployment-fsse-june-23 {"projectId":"deployment-fsse-june-23","projectNumber":"22359952577","displayName":"Deployment-FSSE June 23","name":"projects/deployment-fsse-june-23","resources":{"hostingSite":"deployment-fsse-june-23"},"state":"ACTIVE","etag":"1_af420e3d-60ae-4945-a888-313f9251c607"}
[info] i  functions: preparing codebase default for deployment 
[info] i  functions: preparing codebase adriantori-w22 for deployment 
[info] i  functions: ensuring required API cloudfunctions.googleapis.com is enabled... 
[info] i  functions: ensuring required API cloudbuild.googleapis.com is enabled... 
[info] i  artifactregistry: ensuring required API artifactregistry.googleapis.com is enabled... 
[debug] [2023-11-30T08:26:36.549Z] >>> [apiv2][query] GET https://serviceusage.googleapis.com/v1/projects/deployment-fsse-june-23/services/cloudfunctions.googleapis.com [none]
[debug] [2023-11-30T08:26:36.549Z] >>> [apiv2][(partial)header] GET https://serviceusage.googleapis.com/v1/projects/deployment-fsse-june-23/services/cloudfunctions.googleapis.com x-goog-quota-user=projects/deployment-fsse-june-23
[debug] [2023-11-30T08:26:36.555Z] >>> [apiv2][query] GET https://serviceusage.googleapis.com/v1/projects/deployment-fsse-june-23/services/runtimeconfig.googleapis.com [none]
[debug] [2023-11-30T08:26:36.555Z] >>> [apiv2][(partial)header] GET https://serviceusage.googleapis.com/v1/projects/deployment-fsse-june-23/services/runtimeconfig.googleapis.com x-goog-quota-user=projects/deployment-fsse-june-23
[debug] [2023-11-30T08:26:36.560Z] >>> [apiv2][query] GET https://serviceusage.googleapis.com/v1/projects/deployment-fsse-june-23/services/cloudbuild.googleapis.com [none]
[debug] [2023-11-30T08:26:36.560Z] >>> [apiv2][(partial)header] GET https://serviceusage.googleapis.com/v1/projects/deployment-fsse-june-23/services/cloudbuild.googleapis.com x-goog-quota-user=projects/deployment-fsse-june-23
[debug] [2023-11-30T08:26:36.564Z] >>> [apiv2][query] GET https://serviceusage.googleapis.com/v1/projects/deployment-fsse-june-23/services/artifactregistry.googleapis.com [none]
[debug] [2023-11-30T08:26:36.564Z] >>> [apiv2][(partial)header] GET https://serviceusage.googleapis.com/v1/projects/deployment-fsse-june-23/services/artifactregistry.googleapis.com x-goog-quota-user=projects/deployment-fsse-june-23
[debug] [2023-11-30T08:26:49.165Z] <<< [apiv2][status] GET https://serviceusage.googleapis.com/v1/projects/deployment-fsse-june-23/services/cloudfunctions.googleapis.com 200
[debug] [2023-11-30T08:26:49.166Z] <<< [apiv2][body] GET https://serviceusage.googleapis.com/v1/projects/deployment-fsse-june-23/services/cloudfunctions.googleapis.com [omitted]
[info] +  functions: required API cloudfunctions.googleapis.com is enabled 
[debug] [2023-11-30T08:26:49.213Z] <<< [apiv2][status] GET https://serviceusage.googleapis.com/v1/projects/deployment-fsse-june-23/services/runtimeconfig.googleapis.com 200
[debug] [2023-11-30T08:26:49.213Z] <<< [apiv2][body] GET https://serviceusage.googleapis.com/v1/projects/deployment-fsse-june-23/services/runtimeconfig.googleapis.com [omitted]
[debug] [2023-11-30T08:27:00.226Z] <<< [apiv2][status] GET https://serviceusage.googleapis.com/v1/projects/deployment-fsse-june-23/services/cloudbuild.googleapis.com 200
[debug] [2023-11-30T08:27:00.226Z] <<< [apiv2][body] GET https://serviceusage.googleapis.com/v1/projects/deployment-fsse-june-23/services/cloudbuild.googleapis.com [omitted]
[info] +  functions: required API cloudbuild.googleapis.com is enabled 
[debug] [2023-11-30T08:27:00.273Z] <<< [apiv2][status] GET https://serviceusage.googleapis.com/v1/projects/deployment-fsse-june-23/services/artifactregistry.googleapis.com 200
[debug] [2023-11-30T08:27:00.273Z] <<< [apiv2][body] GET https://serviceusage.googleapis.com/v1/projects/deployment-fsse-june-23/services/artifactregistry.googleapis.com [omitted]
[info] +  artifactregistry: required API artifactregistry.googleapis.com is enabled 
[debug] [2023-11-30T08:27:00.275Z] >>> [apiv2][query] GET https://firebase.googleapis.com/v1beta1/projects/deployment-fsse-june-23/adminSdkConfig [none]
[debug] [2023-11-30T08:27:00.722Z] <<< [apiv2][status] GET https://firebase.googleapis.com/v1beta1/projects/deployment-fsse-june-23/adminSdkConfig 200
[debug] [2023-11-30T08:27:00.723Z] <<< [apiv2][body] GET https://firebase.googleapis.com/v1beta1/projects/deployment-fsse-june-23/adminSdkConfig {"projectId":"deployment-fsse-june-23","storageBucket":"deployment-fsse-june-23.appspot.com"}
[debug] [2023-11-30T08:27:00.724Z] >>> [apiv2][query] GET https://runtimeconfig.googleapis.com/v1beta1/projects/deployment-fsse-june-23/configs [none]
[debug] [2023-11-30T08:27:12.167Z] <<< [apiv2][status] GET https://runtimeconfig.googleapis.com/v1beta1/projects/deployment-fsse-june-23/configs 200
[debug] [2023-11-30T08:27:12.167Z] <<< [apiv2][body] GET https://runtimeconfig.googleapis.com/v1beta1/projects/deployment-fsse-june-23/configs {}
[debug] [2023-11-30T08:27:12.170Z] Customer code is not Node
[debug] [2023-11-30T08:27:12.172Z] Validating python source
[debug] [2023-11-30T08:27:12.172Z] Building python source
[info] i  functions: Loading and analyzing source code for codebase default to determine what to deploy 
[debug] [2023-11-30T08:27:12.176Z] Could not find functions.yaml. Must use http discovery
[debug] [2023-11-30T08:27:12.226Z] Running command with virtualenv: command="B:\Works\RevoU\Week 22\Deployment\adriantori-w22\functions\venv\Scripts\activate.bat", args=["","&&","python.exe","-c","\"import firebase_functions; import os; print(os.path.dirname(firebase_functions.__file__))\""]
[debug] [2023-11-30T08:27:12.601Z] stdout: B:\Works\RevoU\Week 22\Deployment\adriantori-w22\venv\lib\site-packages\firebase_functions

[debug] [2023-11-30T08:27:12.622Z] Running admin server with args: ["python.exe","\"B:\\Works\\RevoU\\Week 22\\Deployment\\adriantori-w22\\venv\\lib\\site-packages\\firebase_functions\\private\\serving.py\""] and env: {"FIREBASE_CONFIG":"{\"projectId\":\"deployment-fsse-june-23\",\"storageBucket\":\"deployment-fsse-june-23.appspot.com\"}","GCLOUD_PROJECT":"deployment-fsse-june-23","GOOGLE_CLOUD_QUOTA_PROJECT":"deployment-fsse-june-23","ADMIN_PORT":"8081"} in B:\Works\RevoU\Week 22\Deployment\adriantori-w22\functions
[debug] [2023-11-30T08:27:12.623Z] Running command with virtualenv: command="B:\Works\RevoU\Week 22\Deployment\adriantori-w22\functions\venv\Scripts\activate.bat", args=["","&&","python.exe","\"B:\\Works\\RevoU\\Week 22\\Deployment\\adriantori-w22\\venv\\lib\\site-packages\\firebase_functions\\private\\serving.py\""]
[info]  * Serving Flask app 'serving'
 * Debug mode: off

[error] WARNING: This is a development server. Do not use it in a production deployment. Use a production WSGI server instead.
 * Running on http://127.0.0.1:8081

[error] Press CTRL+C to quit

[error] 127.0.0.1 - - [30/Nov/2023 15:27:16] "GET /__/functions.yaml HTTP/1.1" 200 -

[debug] [2023-11-30T08:27:16.406Z] Got response from /__/functions.yaml endpoints:
  adriantori:
    availableMemoryMb: null
    concurrency: null
    entryPoint: adriantori
    httpsTrigger: {}
    ingressSettings: null
    labels: {}
    maxInstances: 1
    minInstances: null
    platform: gcfv2
    secretEnvironmentVariables: []
    serviceAccountEmail: null
    timeoutSeconds: null
params: []
requiredAPIs: []
specVersion: v1alpha1

[error] 127.0.0.1 - - [30/Nov/2023 15:27:16] "GET /__/quitquitquit HTTP/1.1" 200 -

[debug] [2023-11-30T08:27:21.503Z] Error: Timed out.
    at Timeout._onTimeout (C:\Users\AdriA\AppData\Roaming\npm\node_modules\firebase-tools\lib\utils.js:254:49)
    at listOnTimeout (node:internal/timers:569:17)
    at process.processTimers (node:internal/timers:512:7)
[error] 
[error] Error: An unexpected error has occurred.
