[debug] [2023-11-30T08:02:33.053Z] ----------------------------------------------------------------------
[debug] [2023-11-30T08:02:33.060Z] Command:       C:\Program Files\nodejs\node.exe C:\Users\AdriA\AppData\Roaming\npm\node_modules\firebase-tools\lib\bin\firebase.js deploy --only functions
[debug] [2023-11-30T08:02:33.061Z] CLI Version:   12.9.1
[debug] [2023-11-30T08:02:33.063Z] Platform:      win32
[debug] [2023-11-30T08:02:33.064Z] Node Version:  v18.16.0
[debug] [2023-11-30T08:02:33.068Z] Time:          Thu Nov 30 2023 15:02:33 GMT+0700 (Indochina Time)
[debug] [2023-11-30T08:02:33.068Z] ----------------------------------------------------------------------
[debug] 
[debug] [2023-11-30T08:02:33.307Z] Field ".functions" in "firebase.json" is possibly invalid: should be object
[debug] [2023-11-30T08:02:33.309Z] Field ".functions[0].runtime" in "firebase.json" is possibly invalid: should be equal to one of the allowed values
[debug] [2023-11-30T08:02:33.310Z] Field ".functions" in "firebase.json" is possibly invalid: should match some schema in anyOf
[debug] [2023-11-30T08:02:33.325Z] > command requires scopes: ["email","openid","https://www.googleapis.com/auth/cloudplatformprojects.readonly","https://www.googleapis.com/auth/firebase","https://www.googleapis.com/auth/cloud-platform"]
[debug] [2023-11-30T08:02:33.326Z] > authorizing via signed-in user (adriantori11@gmail.com)
[debug] [2023-11-30T08:02:33.327Z] [iam] checking project deployment-fsse-june-23 for permissions ["cloudfunctions.functions.create","cloudfunctions.functions.delete","cloudfunctions.functions.get","cloudfunctions.functions.list","cloudfunctions.functions.update","cloudfunctions.operations.get","firebase.projects.get"]
[debug] [2023-11-30T08:02:33.334Z] >>> [apiv2][query] POST https://cloudresourcemanager.googleapis.com/v1/projects/deployment-fsse-june-23:testIamPermissions [none]
[debug] [2023-11-30T08:02:33.334Z] >>> [apiv2][(partial)header] POST https://cloudresourcemanager.googleapis.com/v1/projects/deployment-fsse-june-23:testIamPermissions x-goog-quota-user=projects/deployment-fsse-june-23
[debug] [2023-11-30T08:02:33.335Z] >>> [apiv2][body] POST https://cloudresourcemanager.googleapis.com/v1/projects/deployment-fsse-june-23:testIamPermissions {"permissions":["cloudfunctions.functions.create","cloudfunctions.functions.delete","cloudfunctions.functions.get","cloudfunctions.functions.list","cloudfunctions.functions.update","cloudfunctions.operations.get","firebase.projects.get"]}
[debug] [2023-11-30T08:02:45.734Z] <<< [apiv2][status] POST https://cloudresourcemanager.googleapis.com/v1/projects/deployment-fsse-june-23:testIamPermissions 200
[debug] [2023-11-30T08:02:45.734Z] <<< [apiv2][body] POST https://cloudresourcemanager.googleapis.com/v1/projects/deployment-fsse-june-23:testIamPermissions {"permissions":["cloudfunctions.functions.create","cloudfunctions.functions.delete","cloudfunctions.functions.get","cloudfunctions.functions.list","cloudfunctions.functions.update","cloudfunctions.operations.get","firebase.projects.get"]}
[debug] [2023-11-30T08:02:45.736Z] >>> [apiv2][query] POST https://iam.googleapis.com/v1/projects/deployment-fsse-june-23/serviceAccounts/deployment-fsse-june-23@appspot.gserviceaccount.com:testIamPermissions [none]
[debug] [2023-11-30T08:02:45.736Z] >>> [apiv2][body] POST https://iam.googleapis.com/v1/projects/deployment-fsse-june-23/serviceAccounts/deployment-fsse-june-23@appspot.gserviceaccount.com:testIamPermissions {"permissions":["iam.serviceAccounts.actAs"]}
[debug] [2023-11-30T08:02:47.099Z] <<< [apiv2][status] POST https://iam.googleapis.com/v1/projects/deployment-fsse-june-23/serviceAccounts/deployment-fsse-june-23@appspot.gserviceaccount.com:testIamPermissions 200
[debug] [2023-11-30T08:02:47.099Z] <<< [apiv2][body] POST https://iam.googleapis.com/v1/projects/deployment-fsse-june-23/serviceAccounts/deployment-fsse-june-23@appspot.gserviceaccount.com:testIamPermissions {"permissions":["iam.serviceAccounts.actAs"]}
[info] 
[info] === Deploying to 'deployment-fsse-june-23'...
[info] 
[info] i  deploying functions 
[debug] [2023-11-30T08:02:47.114Z] >>> [apiv2][query] GET https://firebase.googleapis.com/v1beta1/projects/deployment-fsse-june-23 [none]
[debug] [2023-11-30T08:02:58.621Z] <<< [apiv2][status] GET https://firebase.googleapis.com/v1beta1/projects/deployment-fsse-june-23 200
[debug] [2023-11-30T08:02:58.622Z] <<< [apiv2][body] GET https://firebase.googleapis.com/v1beta1/projects/deployment-fsse-june-23 {"projectId":"deployment-fsse-june-23","projectNumber":"22359952577","displayName":"Deployment-FSSE June 23","name":"projects/deployment-fsse-june-23","resources":{"hostingSite":"deployment-fsse-june-23"},"state":"ACTIVE","etag":"1_af420e3d-60ae-4945-a888-313f9251c607"}
[info] i  functions: preparing codebase default for deployment 
[info] i  functions: preparing codebase adriantori-w22 for deployment 
[info] i  functions: ensuring required API cloudfunctions.googleapis.com is enabled... 
[info] i  functions: ensuring required API cloudbuild.googleapis.com is enabled... 
[info] i  artifactregistry: ensuring required API artifactregistry.googleapis.com is enabled... 
[debug] [2023-11-30T08:02:58.635Z] >>> [apiv2][query] GET https://serviceusage.googleapis.com/v1/projects/deployment-fsse-june-23/services/cloudfunctions.googleapis.com [none]
[debug] [2023-11-30T08:02:58.635Z] >>> [apiv2][(partial)header] GET https://serviceusage.googleapis.com/v1/projects/deployment-fsse-june-23/services/cloudfunctions.googleapis.com x-goog-quota-user=projects/deployment-fsse-june-23
[debug] [2023-11-30T08:02:58.641Z] >>> [apiv2][query] GET https://serviceusage.googleapis.com/v1/projects/deployment-fsse-june-23/services/runtimeconfig.googleapis.com [none]
[debug] [2023-11-30T08:02:58.642Z] >>> [apiv2][(partial)header] GET https://serviceusage.googleapis.com/v1/projects/deployment-fsse-june-23/services/runtimeconfig.googleapis.com x-goog-quota-user=projects/deployment-fsse-june-23
[debug] [2023-11-30T08:02:58.646Z] >>> [apiv2][query] GET https://serviceusage.googleapis.com/v1/projects/deployment-fsse-june-23/services/cloudbuild.googleapis.com [none]
[debug] [2023-11-30T08:02:58.646Z] >>> [apiv2][(partial)header] GET https://serviceusage.googleapis.com/v1/projects/deployment-fsse-june-23/services/cloudbuild.googleapis.com x-goog-quota-user=projects/deployment-fsse-june-23
[debug] [2023-11-30T08:02:58.650Z] >>> [apiv2][query] GET https://serviceusage.googleapis.com/v1/projects/deployment-fsse-june-23/services/artifactregistry.googleapis.com [none]
[debug] [2023-11-30T08:02:58.651Z] >>> [apiv2][(partial)header] GET https://serviceusage.googleapis.com/v1/projects/deployment-fsse-june-23/services/artifactregistry.googleapis.com x-goog-quota-user=projects/deployment-fsse-june-23
[debug] [2023-11-30T08:03:00.158Z] <<< [apiv2][status] GET https://serviceusage.googleapis.com/v1/projects/deployment-fsse-june-23/services/runtimeconfig.googleapis.com 200
[debug] [2023-11-30T08:03:00.159Z] <<< [apiv2][body] GET https://serviceusage.googleapis.com/v1/projects/deployment-fsse-june-23/services/runtimeconfig.googleapis.com [omitted]
[debug] [2023-11-30T08:03:00.172Z] <<< [apiv2][status] GET https://serviceusage.googleapis.com/v1/projects/deployment-fsse-june-23/services/cloudfunctions.googleapis.com 200
[debug] [2023-11-30T08:03:00.173Z] <<< [apiv2][body] GET https://serviceusage.googleapis.com/v1/projects/deployment-fsse-june-23/services/cloudfunctions.googleapis.com [omitted]
[info] +  functions: required API cloudfunctions.googleapis.com is enabled 
[debug] [2023-11-30T08:03:00.184Z] <<< [apiv2][status] GET https://serviceusage.googleapis.com/v1/projects/deployment-fsse-june-23/services/cloudbuild.googleapis.com 200
[debug] [2023-11-30T08:03:00.185Z] <<< [apiv2][body] GET https://serviceusage.googleapis.com/v1/projects/deployment-fsse-june-23/services/cloudbuild.googleapis.com [omitted]
[info] +  functions: required API cloudbuild.googleapis.com is enabled 
[debug] [2023-11-30T08:03:00.217Z] <<< [apiv2][status] GET https://serviceusage.googleapis.com/v1/projects/deployment-fsse-june-23/services/artifactregistry.googleapis.com 200
[debug] [2023-11-30T08:03:00.218Z] <<< [apiv2][body] GET https://serviceusage.googleapis.com/v1/projects/deployment-fsse-june-23/services/artifactregistry.googleapis.com [omitted]
[info] +  artifactregistry: required API artifactregistry.googleapis.com is enabled 
[debug] [2023-11-30T08:03:00.220Z] >>> [apiv2][query] GET https://firebase.googleapis.com/v1beta1/projects/deployment-fsse-june-23/adminSdkConfig [none]
[debug] [2023-11-30T08:03:00.880Z] <<< [apiv2][status] GET https://firebase.googleapis.com/v1beta1/projects/deployment-fsse-june-23/adminSdkConfig 200
[debug] [2023-11-30T08:03:00.880Z] <<< [apiv2][body] GET https://firebase.googleapis.com/v1beta1/projects/deployment-fsse-june-23/adminSdkConfig {"projectId":"deployment-fsse-june-23","storageBucket":"deployment-fsse-june-23.appspot.com"}
[debug] [2023-11-30T08:03:00.881Z] >>> [apiv2][query] GET https://runtimeconfig.googleapis.com/v1beta1/projects/deployment-fsse-june-23/configs [none]
[debug] [2023-11-30T08:03:02.029Z] <<< [apiv2][status] GET https://runtimeconfig.googleapis.com/v1beta1/projects/deployment-fsse-june-23/configs 200
[debug] [2023-11-30T08:03:02.029Z] <<< [apiv2][body] GET https://runtimeconfig.googleapis.com/v1beta1/projects/deployment-fsse-june-23/configs {}
[debug] [2023-11-30T08:03:02.032Z] Customer code is not Node
[debug] [2023-11-30T08:03:02.034Z] Validating python source
[debug] [2023-11-30T08:03:02.034Z] Building python source
[info] i  functions: Loading and analyzing source code for codebase default to determine what to deploy 
[debug] [2023-11-30T08:03:02.038Z] Could not find functions.yaml. Must use http discovery
[debug] [2023-11-30T08:03:02.094Z] Running command with virtualenv: command="B:\Works\RevoU\Week 22\Deployment\adriantori-w22\functions\venv\Scripts\activate.bat", args=["","&&","python.exe","-c","\"import firebase_functions; import os; print(os.path.dirname(firebase_functions.__file__))\""]
[debug] [2023-11-30T08:03:02.143Z] stderr: The system cannot find the path specified.

[debug] [2023-11-30T08:03:07.169Z] Error: Timed out.
    at Timeout._onTimeout (C:\Users\AdriA\AppData\Roaming\npm\node_modules\firebase-tools\lib\utils.js:254:49)
    at listOnTimeout (node:internal/timers:569:17)
    at process.processTimers (node:internal/timers:512:7)
[error] 
[error] Error: An unexpected error has occurred.
[debug] [2023-11-30T08:04:19.886Z] ----------------------------------------------------------------------
[debug] [2023-11-30T08:04:19.892Z] Command:       C:\Program Files\nodejs\node.exe C:\Users\AdriA\AppData\Roaming\npm\node_modules\firebase-tools\lib\bin\firebase.js deploy --only functions
[debug] [2023-11-30T08:04:19.894Z] CLI Version:   12.9.1
[debug] [2023-11-30T08:04:19.895Z] Platform:      win32
[debug] [2023-11-30T08:04:19.896Z] Node Version:  v18.16.0
[debug] [2023-11-30T08:04:19.900Z] Time:          Thu Nov 30 2023 15:04:19 GMT+0700 (Indochina Time)
[debug] [2023-11-30T08:04:19.900Z] ----------------------------------------------------------------------
[debug] 
[debug] [2023-11-30T08:04:20.406Z] Field ".functions" in "firebase.json" is possibly invalid: should be object
[debug] [2023-11-30T08:04:20.409Z] Field ".functions[0].runtime" in "firebase.json" is possibly invalid: should be equal to one of the allowed values
[debug] [2023-11-30T08:04:20.409Z] Field ".functions" in "firebase.json" is possibly invalid: should match some schema in anyOf
[debug] [2023-11-30T08:04:20.432Z] > command requires scopes: ["email","openid","https://www.googleapis.com/auth/cloudplatformprojects.readonly","https://www.googleapis.com/auth/firebase","https://www.googleapis.com/auth/cloud-platform"]
[debug] [2023-11-30T08:04:20.433Z] > authorizing via signed-in user (adriantori11@gmail.com)
[debug] [2023-11-30T08:04:20.434Z] [iam] checking project deployment-fsse-june-23 for permissions ["cloudfunctions.functions.create","cloudfunctions.functions.delete","cloudfunctions.functions.get","cloudfunctions.functions.list","cloudfunctions.functions.update","cloudfunctions.operations.get","firebase.projects.get"]
[debug] [2023-11-30T08:04:20.443Z] >>> [apiv2][query] POST https://cloudresourcemanager.googleapis.com/v1/projects/deployment-fsse-june-23:testIamPermissions [none]
[debug] [2023-11-30T08:04:20.444Z] >>> [apiv2][(partial)header] POST https://cloudresourcemanager.googleapis.com/v1/projects/deployment-fsse-june-23:testIamPermissions x-goog-quota-user=projects/deployment-fsse-june-23
[debug] [2023-11-30T08:04:20.445Z] >>> [apiv2][body] POST https://cloudresourcemanager.googleapis.com/v1/projects/deployment-fsse-june-23:testIamPermissions {"permissions":["cloudfunctions.functions.create","cloudfunctions.functions.delete","cloudfunctions.functions.get","cloudfunctions.functions.list","cloudfunctions.functions.update","cloudfunctions.operations.get","firebase.projects.get"]}
[debug] [2023-11-30T08:04:32.795Z] <<< [apiv2][status] POST https://cloudresourcemanager.googleapis.com/v1/projects/deployment-fsse-june-23:testIamPermissions 200
[debug] [2023-11-30T08:04:32.796Z] <<< [apiv2][body] POST https://cloudresourcemanager.googleapis.com/v1/projects/deployment-fsse-june-23:testIamPermissions {"permissions":["cloudfunctions.functions.create","cloudfunctions.functions.delete","cloudfunctions.functions.get","cloudfunctions.functions.list","cloudfunctions.functions.update","cloudfunctions.operations.get","firebase.projects.get"]}
[debug] [2023-11-30T08:04:32.798Z] >>> [apiv2][query] POST https://iam.googleapis.com/v1/projects/deployment-fsse-june-23/serviceAccounts/deployment-fsse-june-23@appspot.gserviceaccount.com:testIamPermissions [none]
[debug] [2023-11-30T08:04:32.798Z] >>> [apiv2][body] POST https://iam.googleapis.com/v1/projects/deployment-fsse-june-23/serviceAccounts/deployment-fsse-june-23@appspot.gserviceaccount.com:testIamPermissions {"permissions":["iam.serviceAccounts.actAs"]}
[debug] [2023-11-30T08:04:44.420Z] <<< [apiv2][status] POST https://iam.googleapis.com/v1/projects/deployment-fsse-june-23/serviceAccounts/deployment-fsse-june-23@appspot.gserviceaccount.com:testIamPermissions 200
[debug] [2023-11-30T08:04:44.420Z] <<< [apiv2][body] POST https://iam.googleapis.com/v1/projects/deployment-fsse-june-23/serviceAccounts/deployment-fsse-june-23@appspot.gserviceaccount.com:testIamPermissions {"permissions":["iam.serviceAccounts.actAs"]}
[info] 
[info] === Deploying to 'deployment-fsse-june-23'...
[info] 
[info] i  deploying functions 
[debug] [2023-11-30T08:04:44.430Z] >>> [apiv2][query] GET https://firebase.googleapis.com/v1beta1/projects/deployment-fsse-june-23 [none]
[debug] [2023-11-30T08:04:55.857Z] <<< [apiv2][status] GET https://firebase.googleapis.com/v1beta1/projects/deployment-fsse-june-23 200
[debug] [2023-11-30T08:04:55.858Z] <<< [apiv2][body] GET https://firebase.googleapis.com/v1beta1/projects/deployment-fsse-june-23 {"projectId":"deployment-fsse-june-23","projectNumber":"22359952577","displayName":"Deployment-FSSE June 23","name":"projects/deployment-fsse-june-23","resources":{"hostingSite":"deployment-fsse-june-23"},"state":"ACTIVE","etag":"1_af420e3d-60ae-4945-a888-313f9251c607"}
[info] i  functions: preparing codebase default for deployment 
[info] i  functions: preparing codebase adriantori-w22 for deployment 
[info] i  functions: ensuring required API cloudfunctions.googleapis.com is enabled... 
[info] i  functions: ensuring required API cloudbuild.googleapis.com is enabled... 
[info] i  artifactregistry: ensuring required API artifactregistry.googleapis.com is enabled... 
[debug] [2023-11-30T08:04:55.867Z] >>> [apiv2][query] GET https://serviceusage.googleapis.com/v1/projects/deployment-fsse-june-23/services/cloudfunctions.googleapis.com [none]
[debug] [2023-11-30T08:04:55.867Z] >>> [apiv2][(partial)header] GET https://serviceusage.googleapis.com/v1/projects/deployment-fsse-june-23/services/cloudfunctions.googleapis.com x-goog-quota-user=projects/deployment-fsse-june-23
[debug] [2023-11-30T08:04:55.872Z] >>> [apiv2][query] GET https://serviceusage.googleapis.com/v1/projects/deployment-fsse-june-23/services/runtimeconfig.googleapis.com [none]
[debug] [2023-11-30T08:04:55.873Z] >>> [apiv2][(partial)header] GET https://serviceusage.googleapis.com/v1/projects/deployment-fsse-june-23/services/runtimeconfig.googleapis.com x-goog-quota-user=projects/deployment-fsse-june-23
[debug] [2023-11-30T08:04:55.877Z] >>> [apiv2][query] GET https://serviceusage.googleapis.com/v1/projects/deployment-fsse-june-23/services/cloudbuild.googleapis.com [none]
[debug] [2023-11-30T08:04:55.877Z] >>> [apiv2][(partial)header] GET https://serviceusage.googleapis.com/v1/projects/deployment-fsse-june-23/services/cloudbuild.googleapis.com x-goog-quota-user=projects/deployment-fsse-june-23
[debug] [2023-11-30T08:04:55.879Z] >>> [apiv2][query] GET https://serviceusage.googleapis.com/v1/projects/deployment-fsse-june-23/services/artifactregistry.googleapis.com [none]
[debug] [2023-11-30T08:04:55.880Z] >>> [apiv2][(partial)header] GET https://serviceusage.googleapis.com/v1/projects/deployment-fsse-june-23/services/artifactregistry.googleapis.com x-goog-quota-user=projects/deployment-fsse-june-23
[debug] [2023-11-30T08:05:08.427Z] <<< [apiv2][status] GET https://serviceusage.googleapis.com/v1/projects/deployment-fsse-june-23/services/runtimeconfig.googleapis.com 200
[debug] [2023-11-30T08:05:08.427Z] <<< [apiv2][body] GET https://serviceusage.googleapis.com/v1/projects/deployment-fsse-june-23/services/runtimeconfig.googleapis.com [omitted]
[debug] [2023-11-30T08:05:08.434Z] <<< [apiv2][status] GET https://serviceusage.googleapis.com/v1/projects/deployment-fsse-june-23/services/cloudfunctions.googleapis.com 200
[debug] [2023-11-30T08:05:08.434Z] <<< [apiv2][body] GET https://serviceusage.googleapis.com/v1/projects/deployment-fsse-june-23/services/cloudfunctions.googleapis.com [omitted]
[info] +  functions: required API cloudfunctions.googleapis.com is enabled 
[debug] [2023-11-30T08:05:19.523Z] <<< [apiv2][status] GET https://serviceusage.googleapis.com/v1/projects/deployment-fsse-june-23/services/artifactregistry.googleapis.com 200
[debug] [2023-11-30T08:05:19.523Z] <<< [apiv2][body] GET https://serviceusage.googleapis.com/v1/projects/deployment-fsse-june-23/services/artifactregistry.googleapis.com [omitted]
[info] +  artifactregistry: required API artifactregistry.googleapis.com is enabled 
[debug] [2023-11-30T08:05:19.533Z] <<< [apiv2][status] GET https://serviceusage.googleapis.com/v1/projects/deployment-fsse-june-23/services/cloudbuild.googleapis.com 200
[debug] [2023-11-30T08:05:19.534Z] <<< [apiv2][body] GET https://serviceusage.googleapis.com/v1/projects/deployment-fsse-june-23/services/cloudbuild.googleapis.com [omitted]
[info] +  functions: required API cloudbuild.googleapis.com is enabled 
[debug] [2023-11-30T08:05:19.536Z] >>> [apiv2][query] GET https://firebase.googleapis.com/v1beta1/projects/deployment-fsse-june-23/adminSdkConfig [none]
[debug] [2023-11-30T08:05:20.675Z] <<< [apiv2][status] GET https://firebase.googleapis.com/v1beta1/projects/deployment-fsse-june-23/adminSdkConfig 200
[debug] [2023-11-30T08:05:20.675Z] <<< [apiv2][body] GET https://firebase.googleapis.com/v1beta1/projects/deployment-fsse-june-23/adminSdkConfig {"projectId":"deployment-fsse-june-23","storageBucket":"deployment-fsse-june-23.appspot.com"}
[debug] [2023-11-30T08:05:20.676Z] >>> [apiv2][query] GET https://runtimeconfig.googleapis.com/v1beta1/projects/deployment-fsse-june-23/configs [none]
[debug] [2023-11-30T08:05:32.315Z] <<< [apiv2][status] GET https://runtimeconfig.googleapis.com/v1beta1/projects/deployment-fsse-june-23/configs 200
[debug] [2023-11-30T08:05:32.315Z] <<< [apiv2][body] GET https://runtimeconfig.googleapis.com/v1beta1/projects/deployment-fsse-june-23/configs {}
[debug] [2023-11-30T08:05:32.323Z] Customer code is not Node
[debug] [2023-11-30T08:05:32.325Z] Validating python source
[debug] [2023-11-30T08:05:32.325Z] Building python source
[info] i  functions: Loading and analyzing source code for codebase default to determine what to deploy 
[debug] [2023-11-30T08:05:32.329Z] Could not find functions.yaml. Must use http discovery
[debug] [2023-11-30T08:05:32.376Z] Running command with virtualenv: command="B:\Works\RevoU\Week 22\Deployment\adriantori-w22\functions\venv\Scripts\activate.bat", args=["","&&","python.exe","-c","\"import firebase_functions; import os; print(os.path.dirname(firebase_functions.__file__))\""]
[debug] [2023-11-30T08:05:32.860Z] stdout: B:\Works\RevoU\Week 22\Deployment\adriantori-w22\venv\lib\site-packages\firebase_functions

[debug] [2023-11-30T08:05:32.882Z] Running admin server with args: ["python.exe","\"B:\\Works\\RevoU\\Week 22\\Deployment\\adriantori-w22\\venv\\lib\\site-packages\\firebase_functions\\private\\serving.py\""] and env: {"FIREBASE_CONFIG":"{\"projectId\":\"deployment-fsse-june-23\",\"storageBucket\":\"deployment-fsse-june-23.appspot.com\"}","GCLOUD_PROJECT":"deployment-fsse-june-23","GOOGLE_CLOUD_QUOTA_PROJECT":"deployment-fsse-june-23","ADMIN_PORT":"8081"} in B:\Works\RevoU\Week 22\Deployment\adriantori-w22\functions
[debug] [2023-11-30T08:05:32.883Z] Running command with virtualenv: command="B:\Works\RevoU\Week 22\Deployment\adriantori-w22\functions\venv\Scripts\activate.bat", args=["","&&","python.exe","\"B:\\Works\\RevoU\\Week 22\\Deployment\\adriantori-w22\\venv\\lib\\site-packages\\firebase_functions\\private\\serving.py\""]
[info]  * Serving Flask app 'serving'
 * Debug mode: off

[error] WARNING: This is a development server. Do not use it in a production deployment. Use a production WSGI server instead.
 * Running on http://127.0.0.1:8081

[error] Press CTRL+C to quit

[error] 127.0.0.1 - - [30/Nov/2023 15:05:38] "GET /__/functions.yaml HTTP/1.1" 200 -

[debug] [2023-11-30T08:05:38.472Z] Got response from /__/functions.yaml endpoints:
  adriantori:
    availableMemoryMb: null
    concurrency: null
    entryPoint: adriantori
    httpsTrigger: {}
    ingressSettings: null
    labels: {}
    maxInstances: 1
    minInstances: null
    platform: gcfv2
    secretEnvironmentVariables: []
    serviceAccountEmail: null
    timeoutSeconds: null
params: []
requiredAPIs: []
specVersion: v1alpha1

[error] 127.0.0.1 - - [30/Nov/2023 15:05:38] "GET /__/quitquitquit HTTP/1.1" 200 -

[debug] [2023-11-30T08:05:43.587Z] Error: Timed out.
    at Timeout._onTimeout (C:\Users\AdriA\AppData\Roaming\npm\node_modules\firebase-tools\lib\utils.js:254:49)
    at listOnTimeout (node:internal/timers:569:17)
    at process.processTimers (node:internal/timers:512:7)
[error] 
[error] Error: An unexpected error has occurred.
[debug] [2023-11-30T08:16:45.489Z] ----------------------------------------------------------------------
[debug] [2023-11-30T08:16:45.496Z] Command:       C:\Program Files\nodejs\node.exe C:\Users\AdriA\AppData\Roaming\npm\node_modules\firebase-tools\lib\bin\firebase.js deploy --only functions
[debug] [2023-11-30T08:16:45.498Z] CLI Version:   12.9.1
[debug] [2023-11-30T08:16:45.499Z] Platform:      win32
[debug] [2023-11-30T08:16:45.500Z] Node Version:  v18.16.0
[debug] [2023-11-30T08:16:45.503Z] Time:          Thu Nov 30 2023 15:16:45 GMT+0700 (Indochina Time)
[debug] [2023-11-30T08:16:45.503Z] ----------------------------------------------------------------------
[debug] 
[debug] [2023-11-30T08:16:45.746Z] Field ".functions" in "firebase.json" is possibly invalid: should be object
[debug] [2023-11-30T08:16:45.748Z] Field ".functions[0].runtime" in "firebase.json" is possibly invalid: should be equal to one of the allowed values
[debug] [2023-11-30T08:16:45.749Z] Field ".functions" in "firebase.json" is possibly invalid: should match some schema in anyOf
[debug] [2023-11-30T08:16:45.762Z] > command requires scopes: ["email","openid","https://www.googleapis.com/auth/cloudplatformprojects.readonly","https://www.googleapis.com/auth/firebase","https://www.googleapis.com/auth/cloud-platform"]
[debug] [2023-11-30T08:16:45.763Z] > authorizing via signed-in user (adriantori11@gmail.com)
[debug] [2023-11-30T08:16:45.763Z] [iam] checking project deployment-fsse-june-23 for permissions ["cloudfunctions.functions.create","cloudfunctions.functions.delete","cloudfunctions.functions.get","cloudfunctions.functions.list","cloudfunctions.functions.update","cloudfunctions.operations.get","firebase.projects.get"]
[debug] [2023-11-30T08:16:45.769Z] >>> [apiv2][query] POST https://cloudresourcemanager.googleapis.com/v1/projects/deployment-fsse-june-23:testIamPermissions [none]
[debug] [2023-11-30T08:16:45.770Z] >>> [apiv2][(partial)header] POST https://cloudresourcemanager.googleapis.com/v1/projects/deployment-fsse-june-23:testIamPermissions x-goog-quota-user=projects/deployment-fsse-june-23
[debug] [2023-11-30T08:16:45.770Z] >>> [apiv2][body] POST https://cloudresourcemanager.googleapis.com/v1/projects/deployment-fsse-june-23:testIamPermissions {"permissions":["cloudfunctions.functions.create","cloudfunctions.functions.delete","cloudfunctions.functions.get","cloudfunctions.functions.list","cloudfunctions.functions.update","cloudfunctions.operations.get","firebase.projects.get"]}
[debug] [2023-11-30T08:16:58.017Z] <<< [apiv2][status] POST https://cloudresourcemanager.googleapis.com/v1/projects/deployment-fsse-june-23:testIamPermissions 200
[debug] [2023-11-30T08:16:58.018Z] <<< [apiv2][body] POST https://cloudresourcemanager.googleapis.com/v1/projects/deployment-fsse-june-23:testIamPermissions {"permissions":["cloudfunctions.functions.create","cloudfunctions.functions.delete","cloudfunctions.functions.get","cloudfunctions.functions.list","cloudfunctions.functions.update","cloudfunctions.operations.get","firebase.projects.get"]}
[debug] [2023-11-30T08:16:58.020Z] >>> [apiv2][query] POST https://iam.googleapis.com/v1/projects/deployment-fsse-june-23/serviceAccounts/deployment-fsse-june-23@appspot.gserviceaccount.com:testIamPermissions [none]
[debug] [2023-11-30T08:16:58.020Z] >>> [apiv2][body] POST https://iam.googleapis.com/v1/projects/deployment-fsse-june-23/serviceAccounts/deployment-fsse-june-23@appspot.gserviceaccount.com:testIamPermissions {"permissions":["iam.serviceAccounts.actAs"]}
[debug] [2023-11-30T08:17:10.452Z] <<< [apiv2][status] POST https://iam.googleapis.com/v1/projects/deployment-fsse-june-23/serviceAccounts/deployment-fsse-june-23@appspot.gserviceaccount.com:testIamPermissions 200
[debug] [2023-11-30T08:17:10.453Z] <<< [apiv2][body] POST https://iam.googleapis.com/v1/projects/deployment-fsse-june-23/serviceAccounts/deployment-fsse-june-23@appspot.gserviceaccount.com:testIamPermissions {"permissions":["iam.serviceAccounts.actAs"]}
[info] 
[info] === Deploying to 'deployment-fsse-june-23'...
[info] 
[info] i  deploying functions 
[debug] [2023-11-30T08:17:10.474Z] >>> [apiv2][query] GET https://firebase.googleapis.com/v1beta1/projects/deployment-fsse-june-23 [none]
[debug] [2023-11-30T08:17:21.984Z] <<< [apiv2][status] GET https://firebase.googleapis.com/v1beta1/projects/deployment-fsse-june-23 200
[debug] [2023-11-30T08:17:21.984Z] <<< [apiv2][body] GET https://firebase.googleapis.com/v1beta1/projects/deployment-fsse-june-23 {"projectId":"deployment-fsse-june-23","projectNumber":"22359952577","displayName":"Deployment-FSSE June 23","name":"projects/deployment-fsse-june-23","resources":{"hostingSite":"deployment-fsse-june-23"},"state":"ACTIVE","etag":"1_af420e3d-60ae-4945-a888-313f9251c607"}
[info] i  functions: preparing codebase default for deployment 
[info] i  functions: preparing codebase adriantori-w22 for deployment 
[info] i  functions: ensuring required API cloudfunctions.googleapis.com is enabled... 
[info] i  functions: ensuring required API cloudbuild.googleapis.com is enabled... 
[info] i  artifactregistry: ensuring required API artifactregistry.googleapis.com is enabled... 
[debug] [2023-11-30T08:17:21.993Z] >>> [apiv2][query] GET https://serviceusage.googleapis.com/v1/projects/deployment-fsse-june-23/services/cloudfunctions.googleapis.com [none]
[debug] [2023-11-30T08:17:21.993Z] >>> [apiv2][(partial)header] GET https://serviceusage.googleapis.com/v1/projects/deployment-fsse-june-23/services/cloudfunctions.googleapis.com x-goog-quota-user=projects/deployment-fsse-june-23
[debug] [2023-11-30T08:17:21.997Z] >>> [apiv2][query] GET https://serviceusage.googleapis.com/v1/projects/deployment-fsse-june-23/services/runtimeconfig.googleapis.com [none]
[debug] [2023-11-30T08:17:21.997Z] >>> [apiv2][(partial)header] GET https://serviceusage.googleapis.com/v1/projects/deployment-fsse-june-23/services/runtimeconfig.googleapis.com x-goog-quota-user=projects/deployment-fsse-june-23
[debug] [2023-11-30T08:17:22.000Z] >>> [apiv2][query] GET https://serviceusage.googleapis.com/v1/projects/deployment-fsse-june-23/services/cloudbuild.googleapis.com [none]
[debug] [2023-11-30T08:17:22.001Z] >>> [apiv2][(partial)header] GET https://serviceusage.googleapis.com/v1/projects/deployment-fsse-june-23/services/cloudbuild.googleapis.com x-goog-quota-user=projects/deployment-fsse-june-23
[debug] [2023-11-30T08:17:22.003Z] >>> [apiv2][query] GET https://serviceusage.googleapis.com/v1/projects/deployment-fsse-june-23/services/artifactregistry.googleapis.com [none]
[debug] [2023-11-30T08:17:22.003Z] >>> [apiv2][(partial)header] GET https://serviceusage.googleapis.com/v1/projects/deployment-fsse-june-23/services/artifactregistry.googleapis.com x-goog-quota-user=projects/deployment-fsse-june-23
[debug] [2023-11-30T08:17:34.584Z] <<< [apiv2][status] GET https://serviceusage.googleapis.com/v1/projects/deployment-fsse-june-23/services/cloudfunctions.googleapis.com 200
[debug] [2023-11-30T08:17:34.585Z] <<< [apiv2][body] GET https://serviceusage.googleapis.com/v1/projects/deployment-fsse-june-23/services/cloudfunctions.googleapis.com [omitted]
[info] +  functions: required API cloudfunctions.googleapis.com is enabled 
[debug] [2023-11-30T08:17:34.594Z] <<< [apiv2][status] GET https://serviceusage.googleapis.com/v1/projects/deployment-fsse-june-23/services/runtimeconfig.googleapis.com 200
[debug] [2023-11-30T08:17:34.595Z] <<< [apiv2][body] GET https://serviceusage.googleapis.com/v1/projects/deployment-fsse-june-23/services/runtimeconfig.googleapis.com [omitted]
[debug] [2023-11-30T08:17:45.630Z] <<< [apiv2][status] GET https://serviceusage.googleapis.com/v1/projects/deployment-fsse-june-23/services/artifactregistry.googleapis.com 200
[debug] [2023-11-30T08:17:45.630Z] <<< [apiv2][body] GET https://serviceusage.googleapis.com/v1/projects/deployment-fsse-june-23/services/artifactregistry.googleapis.com [omitted]
[info] +  artifactregistry: required API artifactregistry.googleapis.com is enabled 
[debug] [2023-11-30T08:17:45.675Z] <<< [apiv2][status] GET https://serviceusage.googleapis.com/v1/projects/deployment-fsse-june-23/services/cloudbuild.googleapis.com 200
[debug] [2023-11-30T08:17:45.675Z] <<< [apiv2][body] GET https://serviceusage.googleapis.com/v1/projects/deployment-fsse-june-23/services/cloudbuild.googleapis.com [omitted]
[info] +  functions: required API cloudbuild.googleapis.com is enabled 
[debug] [2023-11-30T08:17:45.677Z] >>> [apiv2][query] GET https://firebase.googleapis.com/v1beta1/projects/deployment-fsse-june-23/adminSdkConfig [none]
[debug] [2023-11-30T08:17:46.071Z] <<< [apiv2][status] GET https://firebase.googleapis.com/v1beta1/projects/deployment-fsse-june-23/adminSdkConfig 200
[debug] [2023-11-30T08:17:46.072Z] <<< [apiv2][body] GET https://firebase.googleapis.com/v1beta1/projects/deployment-fsse-june-23/adminSdkConfig {"projectId":"deployment-fsse-june-23","storageBucket":"deployment-fsse-june-23.appspot.com"}
[debug] [2023-11-30T08:17:46.073Z] >>> [apiv2][query] GET https://runtimeconfig.googleapis.com/v1beta1/projects/deployment-fsse-june-23/configs [none]
[debug] [2023-11-30T08:17:57.496Z] <<< [apiv2][status] GET https://runtimeconfig.googleapis.com/v1beta1/projects/deployment-fsse-june-23/configs 200
[debug] [2023-11-30T08:17:57.497Z] <<< [apiv2][body] GET https://runtimeconfig.googleapis.com/v1beta1/projects/deployment-fsse-june-23/configs {}
[debug] [2023-11-30T08:17:57.500Z] Customer code is not Node
[debug] [2023-11-30T08:17:57.501Z] Validating python source
[debug] [2023-11-30T08:17:57.501Z] Building python source
[info] i  functions: Loading and analyzing source code for codebase default to determine what to deploy 
[debug] [2023-11-30T08:17:57.503Z] Could not find functions.yaml. Must use http discovery
[debug] [2023-11-30T08:17:57.546Z] Running command with virtualenv: command="B:\Works\RevoU\Week 22\Deployment\adriantori-w22\functions\venv\Scripts\activate.bat", args=["","&&","python.exe","-c","\"import firebase_functions; import os; print(os.path.dirname(firebase_functions.__file__))\""]
[debug] [2023-11-30T08:17:57.998Z] stdout: B:\Works\RevoU\Week 22\Deployment\adriantori-w22\venv\lib\site-packages\firebase_functions

[debug] [2023-11-30T08:17:58.023Z] Running admin server with args: ["python.exe","\"B:\\Works\\RevoU\\Week 22\\Deployment\\adriantori-w22\\venv\\lib\\site-packages\\firebase_functions\\private\\serving.py\""] and env: {"FIREBASE_CONFIG":"{\"projectId\":\"deployment-fsse-june-23\",\"storageBucket\":\"deployment-fsse-june-23.appspot.com\"}","GCLOUD_PROJECT":"deployment-fsse-june-23","GOOGLE_CLOUD_QUOTA_PROJECT":"deployment-fsse-june-23","ADMIN_PORT":"8081"} in B:\Works\RevoU\Week 22\Deployment\adriantori-w22\functions
[debug] [2023-11-30T08:17:58.023Z] Running command with virtualenv: command="B:\Works\RevoU\Week 22\Deployment\adriantori-w22\functions\venv\Scripts\activate.bat", args=["","&&","python.exe","\"B:\\Works\\RevoU\\Week 22\\Deployment\\adriantori-w22\\venv\\lib\\site-packages\\firebase_functions\\private\\serving.py\""]
[info]  * Serving Flask app 'serving'
 * Debug mode: off

[error] WARNING: This is a development server. Do not use it in a production deployment. Use a production WSGI server instead.
[error] 
 * Running on http://127.0.0.1:8081
Press CTRL+C to quit

[error] 127.0.0.1 - - [30/Nov/2023 15:18:01] "GET /__/functions.yaml HTTP/1.1" 200 -

[debug] [2023-11-30T08:18:01.945Z] Got response from /__/functions.yaml endpoints:
  adriantori:
    availableMemoryMb: null
    concurrency: null
    entryPoint: adriantori
    httpsTrigger: {}
    ingressSettings: null
    labels: {}
    maxInstances: 1
    minInstances: null
    platform: gcfv2
    secretEnvironmentVariables: []
    serviceAccountEmail: null
    timeoutSeconds: null
params: []
requiredAPIs: []
specVersion: v1alpha1

[error] 127.0.0.1 - - [30/Nov/2023 15:18:01] "GET /__/quitquitquit HTTP/1.1" 200 -

[debug] [2023-11-30T08:18:07.051Z] Error: Timed out.
    at Timeout._onTimeout (C:\Users\AdriA\AppData\Roaming\npm\node_modules\firebase-tools\lib\utils.js:254:49)
    at listOnTimeout (node:internal/timers:569:17)
    at process.processTimers (node:internal/timers:512:7)
[error] 
[error] Error: An unexpected error has occurred.
[debug] [2023-11-30T08:21:48.613Z] ----------------------------------------------------------------------
[debug] [2023-11-30T08:21:48.624Z] Command:       C:\Program Files\nodejs\node.exe C:\Users\AdriA\AppData\Roaming\npm\node_modules\firebase-tools\lib\bin\firebase.js deploy --only functions
[debug] [2023-11-30T08:21:48.626Z] CLI Version:   12.9.1
[debug] [2023-11-30T08:21:48.627Z] Platform:      win32
[debug] [2023-11-30T08:21:48.628Z] Node Version:  v18.16.0
[debug] [2023-11-30T08:21:48.632Z] Time:          Thu Nov 30 2023 15:21:48 GMT+0700 (Indochina Time)
[debug] [2023-11-30T08:21:48.634Z] ----------------------------------------------------------------------
[debug] 
[debug] [2023-11-30T08:21:48.915Z] Field ".functions" in "firebase.json" is possibly invalid: should be object
[debug] [2023-11-30T08:21:48.916Z] Field ".functions[0].runtime" in "firebase.json" is possibly invalid: should be equal to one of the allowed values
[debug] [2023-11-30T08:21:48.916Z] Field ".functions" in "firebase.json" is possibly invalid: should match some schema in anyOf
[debug] [2023-11-30T08:21:48.931Z] > command requires scopes: ["email","openid","https://www.googleapis.com/auth/cloudplatformprojects.readonly","https://www.googleapis.com/auth/firebase","https://www.googleapis.com/auth/cloud-platform"]
[debug] [2023-11-30T08:21:48.932Z] > authorizing via signed-in user (adriantori11@gmail.com)
[debug] [2023-11-30T08:21:48.933Z] [iam] checking project deployment-fsse-june-23 for permissions ["cloudfunctions.functions.create","cloudfunctions.functions.delete","cloudfunctions.functions.get","cloudfunctions.functions.list","cloudfunctions.functions.update","cloudfunctions.operations.get","firebase.projects.get"]
[debug] [2023-11-30T08:21:48.941Z] >>> [apiv2][query] POST https://cloudresourcemanager.googleapis.com/v1/projects/deployment-fsse-june-23:testIamPermissions [none]
[debug] [2023-11-30T08:21:48.942Z] >>> [apiv2][(partial)header] POST https://cloudresourcemanager.googleapis.com/v1/projects/deployment-fsse-june-23:testIamPermissions x-goog-quota-user=projects/deployment-fsse-june-23
[debug] [2023-11-30T08:21:48.943Z] >>> [apiv2][body] POST https://cloudresourcemanager.googleapis.com/v1/projects/deployment-fsse-june-23:testIamPermissions {"permissions":["cloudfunctions.functions.create","cloudfunctions.functions.delete","cloudfunctions.functions.get","cloudfunctions.functions.list","cloudfunctions.functions.update","cloudfunctions.operations.get","firebase.projects.get"]}
[debug] [2023-11-30T08:22:01.232Z] <<< [apiv2][status] POST https://cloudresourcemanager.googleapis.com/v1/projects/deployment-fsse-june-23:testIamPermissions 200
[debug] [2023-11-30T08:22:01.233Z] <<< [apiv2][body] POST https://cloudresourcemanager.googleapis.com/v1/projects/deployment-fsse-june-23:testIamPermissions {"permissions":["cloudfunctions.functions.create","cloudfunctions.functions.delete","cloudfunctions.functions.get","cloudfunctions.functions.list","cloudfunctions.functions.update","cloudfunctions.operations.get","firebase.projects.get"]}
[debug] [2023-11-30T08:22:01.234Z] >>> [apiv2][query] POST https://iam.googleapis.com/v1/projects/deployment-fsse-june-23/serviceAccounts/deployment-fsse-june-23@appspot.gserviceaccount.com:testIamPermissions [none]
[debug] [2023-11-30T08:22:01.234Z] >>> [apiv2][body] POST https://iam.googleapis.com/v1/projects/deployment-fsse-june-23/serviceAccounts/deployment-fsse-june-23@appspot.gserviceaccount.com:testIamPermissions {"permissions":["iam.serviceAccounts.actAs"]}
[debug] [2023-11-30T08:22:02.604Z] <<< [apiv2][status] POST https://iam.googleapis.com/v1/projects/deployment-fsse-june-23/serviceAccounts/deployment-fsse-june-23@appspot.gserviceaccount.com:testIamPermissions 200
[debug] [2023-11-30T08:22:02.605Z] <<< [apiv2][body] POST https://iam.googleapis.com/v1/projects/deployment-fsse-june-23/serviceAccounts/deployment-fsse-june-23@appspot.gserviceaccount.com:testIamPermissions {"permissions":["iam.serviceAccounts.actAs"]}
[info] 
[info] === Deploying to 'deployment-fsse-june-23'...
[info] 
[info] i  deploying functions 
[debug] [2023-11-30T08:22:02.615Z] >>> [apiv2][query] GET https://firebase.googleapis.com/v1beta1/projects/deployment-fsse-june-23 [none]
[debug] [2023-11-30T08:22:14.336Z] <<< [apiv2][status] GET https://firebase.googleapis.com/v1beta1/projects/deployment-fsse-june-23 200
[debug] [2023-11-30T08:22:14.336Z] <<< [apiv2][body] GET https://firebase.googleapis.com/v1beta1/projects/deployment-fsse-june-23 {"projectId":"deployment-fsse-june-23","projectNumber":"22359952577","displayName":"Deployment-FSSE June 23","name":"projects/deployment-fsse-june-23","resources":{"hostingSite":"deployment-fsse-june-23"},"state":"ACTIVE","etag":"1_af420e3d-60ae-4945-a888-313f9251c607"}
[info] i  functions: preparing codebase default for deployment 
[info] i  functions: preparing codebase adriantori-w22 for deployment 
[info] i  functions: ensuring required API cloudfunctions.googleapis.com is enabled... 
[info] i  functions: ensuring required API cloudbuild.googleapis.com is enabled... 
[info] i  artifactregistry: ensuring required API artifactregistry.googleapis.com is enabled... 
[debug] [2023-11-30T08:22:14.352Z] >>> [apiv2][query] GET https://serviceusage.googleapis.com/v1/projects/deployment-fsse-june-23/services/cloudfunctions.googleapis.com [none]
[debug] [2023-11-30T08:22:14.353Z] >>> [apiv2][(partial)header] GET https://serviceusage.googleapis.com/v1/projects/deployment-fsse-june-23/services/cloudfunctions.googleapis.com x-goog-quota-user=projects/deployment-fsse-june-23
[debug] [2023-11-30T08:22:14.357Z] >>> [apiv2][query] GET https://serviceusage.googleapis.com/v1/projects/deployment-fsse-june-23/services/runtimeconfig.googleapis.com [none]
[debug] [2023-11-30T08:22:14.358Z] >>> [apiv2][(partial)header] GET https://serviceusage.googleapis.com/v1/projects/deployment-fsse-june-23/services/runtimeconfig.googleapis.com x-goog-quota-user=projects/deployment-fsse-june-23
[debug] [2023-11-30T08:22:14.363Z] >>> [apiv2][query] GET https://serviceusage.googleapis.com/v1/projects/deployment-fsse-june-23/services/cloudbuild.googleapis.com [none]
[debug] [2023-11-30T08:22:14.363Z] >>> [apiv2][(partial)header] GET https://serviceusage.googleapis.com/v1/projects/deployment-fsse-june-23/services/cloudbuild.googleapis.com x-goog-quota-user=projects/deployment-fsse-june-23
[debug] [2023-11-30T08:22:14.367Z] >>> [apiv2][query] GET https://serviceusage.googleapis.com/v1/projects/deployment-fsse-june-23/services/artifactregistry.googleapis.com [none]
[debug] [2023-11-30T08:22:14.368Z] >>> [apiv2][(partial)header] GET https://serviceusage.googleapis.com/v1/projects/deployment-fsse-june-23/services/artifactregistry.googleapis.com x-goog-quota-user=projects/deployment-fsse-june-23
[debug] [2023-11-30T08:22:15.864Z] <<< [apiv2][status] GET https://serviceusage.googleapis.com/v1/projects/deployment-fsse-june-23/services/cloudfunctions.googleapis.com 200
[debug] [2023-11-30T08:22:15.865Z] <<< [apiv2][body] GET https://serviceusage.googleapis.com/v1/projects/deployment-fsse-june-23/services/cloudfunctions.googleapis.com [omitted]
[info] +  functions: required API cloudfunctions.googleapis.com is enabled 
[debug] [2023-11-30T08:22:15.877Z] <<< [apiv2][status] GET https://serviceusage.googleapis.com/v1/projects/deployment-fsse-june-23/services/runtimeconfig.googleapis.com 200
[debug] [2023-11-30T08:22:15.877Z] <<< [apiv2][body] GET https://serviceusage.googleapis.com/v1/projects/deployment-fsse-june-23/services/runtimeconfig.googleapis.com [omitted]
[debug] [2023-11-30T08:22:15.880Z] <<< [apiv2][status] GET https://serviceusage.googleapis.com/v1/projects/deployment-fsse-june-23/services/cloudbuild.googleapis.com 200
[debug] [2023-11-30T08:22:15.880Z] <<< [apiv2][body] GET https://serviceusage.googleapis.com/v1/projects/deployment-fsse-june-23/services/cloudbuild.googleapis.com [omitted]
[info] +  functions: required API cloudbuild.googleapis.com is enabled 
[debug] [2023-11-30T08:22:15.936Z] <<< [apiv2][status] GET https://serviceusage.googleapis.com/v1/projects/deployment-fsse-june-23/services/artifactregistry.googleapis.com 200
[debug] [2023-11-30T08:22:15.937Z] <<< [apiv2][body] GET https://serviceusage.googleapis.com/v1/projects/deployment-fsse-june-23/services/artifactregistry.googleapis.com [omitted]
[info] +  artifactregistry: required API artifactregistry.googleapis.com is enabled 
[debug] [2023-11-30T08:22:15.939Z] >>> [apiv2][query] GET https://firebase.googleapis.com/v1beta1/projects/deployment-fsse-june-23/adminSdkConfig [none]
[debug] [2023-11-30T08:22:16.566Z] <<< [apiv2][status] GET https://firebase.googleapis.com/v1beta1/projects/deployment-fsse-june-23/adminSdkConfig 200
[debug] [2023-11-30T08:22:16.567Z] <<< [apiv2][body] GET https://firebase.googleapis.com/v1beta1/projects/deployment-fsse-june-23/adminSdkConfig {"projectId":"deployment-fsse-june-23","storageBucket":"deployment-fsse-june-23.appspot.com"}
[debug] [2023-11-30T08:22:16.568Z] >>> [apiv2][query] GET https://runtimeconfig.googleapis.com/v1beta1/projects/deployment-fsse-june-23/configs [none]
[debug] [2023-11-30T08:22:17.665Z] <<< [apiv2][status] GET https://runtimeconfig.googleapis.com/v1beta1/projects/deployment-fsse-june-23/configs 200
[debug] [2023-11-30T08:22:17.665Z] <<< [apiv2][body] GET https://runtimeconfig.googleapis.com/v1beta1/projects/deployment-fsse-june-23/configs {}
[debug] [2023-11-30T08:22:17.667Z] Customer code is not Node
[debug] [2023-11-30T08:22:17.669Z] Validating python source
[debug] [2023-11-30T08:22:17.669Z] Building python source
[info] i  functions: Loading and analyzing source code for codebase default to determine what to deploy 
[debug] [2023-11-30T08:22:17.672Z] Could not find functions.yaml. Must use http discovery
[debug] [2023-11-30T08:22:17.716Z] Running command with virtualenv: command="B:\Works\RevoU\Week 22\Deployment\adriantori-w22\functions\venv\Scripts\activate.bat", args=["","&&","python.exe","-c","\"import firebase_functions; import os; print(os.path.dirname(firebase_functions.__file__))\""]
[debug] [2023-11-30T08:22:18.297Z] stdout: B:\Works\RevoU\Week 22\Deployment\adriantori-w22\venv\lib\site-packages\firebase_functions

[debug] [2023-11-30T08:22:18.336Z] Running admin server with args: ["python.exe","\"B:\\Works\\RevoU\\Week 22\\Deployment\\adriantori-w22\\venv\\lib\\site-packages\\firebase_functions\\private\\serving.py\""] and env: {"FIREBASE_CONFIG":"{\"projectId\":\"deployment-fsse-june-23\",\"storageBucket\":\"deployment-fsse-june-23.appspot.com\"}","GCLOUD_PROJECT":"deployment-fsse-june-23","GOOGLE_CLOUD_QUOTA_PROJECT":"deployment-fsse-june-23","ADMIN_PORT":"8081"} in B:\Works\RevoU\Week 22\Deployment\adriantori-w22\functions
[debug] [2023-11-30T08:22:18.336Z] Running command with virtualenv: command="B:\Works\RevoU\Week 22\Deployment\adriantori-w22\functions\venv\Scripts\activate.bat", args=["","&&","python.exe","\"B:\\Works\\RevoU\\Week 22\\Deployment\\adriantori-w22\\venv\\lib\\site-packages\\firebase_functions\\private\\serving.py\""]
[info]  * Serving Flask app 'serving'
 * Debug mode: off

[error] WARNING: This is a development server. Do not use it in a production deployment. Use a production WSGI server instead.
 * Running on http://127.0.0.1:8081

[error] Press CTRL+C to quit

[error] 127.0.0.1 - - [30/Nov/2023 15:22:22] "GET /__/functions.yaml HTTP/1.1" 200 -

[debug] [2023-11-30T08:22:22.935Z] Got response from /__/functions.yaml endpoints:
  adriantori:
    availableMemoryMb: null
    concurrency: null
    entryPoint: adriantori
    httpsTrigger: {}
    ingressSettings: null
    labels: {}
    maxInstances: 1
    minInstances: null
    platform: gcfv2
    secretEnvironmentVariables: []
    serviceAccountEmail: null
    timeoutSeconds: null
params: []
requiredAPIs: []
specVersion: v1alpha1

[error] 127.0.0.1 - - [30/Nov/2023 15:22:22] "GET /__/quitquitquit HTTP/1.1" 200 -

[debug] [2023-11-30T08:22:28.036Z] Error: Timed out.
    at Timeout._onTimeout (C:\Users\AdriA\AppData\Roaming\npm\node_modules\firebase-tools\lib\utils.js:254:49)
    at listOnTimeout (node:internal/timers:569:17)
    at process.processTimers (node:internal/timers:512:7)
[error] 
[error] Error: An unexpected error has occurred.
[debug] [2023-11-30T08:30:18.227Z] ----------------------------------------------------------------------
[debug] [2023-11-30T08:30:18.233Z] Command:       C:\Program Files\nodejs\node.exe C:\Users\AdriA\AppData\Roaming\npm\node_modules\firebase-tools\lib\bin\firebase.js deploy --only functions
[debug] [2023-11-30T08:30:18.235Z] CLI Version:   12.9.1
[debug] [2023-11-30T08:30:18.236Z] Platform:      win32
[debug] [2023-11-30T08:30:18.237Z] Node Version:  v18.16.0
[debug] [2023-11-30T08:30:18.241Z] Time:          Thu Nov 30 2023 15:30:18 GMT+0700 (Indochina Time)
[debug] [2023-11-30T08:30:18.242Z] ----------------------------------------------------------------------
[debug] 
[debug] [2023-11-30T08:30:18.504Z] > command requires scopes: ["email","openid","https://www.googleapis.com/auth/cloudplatformprojects.readonly","https://www.googleapis.com/auth/firebase","https://www.googleapis.com/auth/cloud-platform"]
[debug] [2023-11-30T08:30:18.506Z] > authorizing via signed-in user (adriantori11@gmail.com)
[debug] [2023-11-30T08:30:18.506Z] [iam] checking project deployment-fsse-june-23 for permissions ["cloudfunctions.functions.create","cloudfunctions.functions.delete","cloudfunctions.functions.get","cloudfunctions.functions.list","cloudfunctions.functions.update","cloudfunctions.operations.get","firebase.projects.get"]
[debug] [2023-11-30T08:30:18.513Z] >>> [apiv2][query] POST https://cloudresourcemanager.googleapis.com/v1/projects/deployment-fsse-june-23:testIamPermissions [none]
[debug] [2023-11-30T08:30:18.513Z] >>> [apiv2][(partial)header] POST https://cloudresourcemanager.googleapis.com/v1/projects/deployment-fsse-june-23:testIamPermissions x-goog-quota-user=projects/deployment-fsse-june-23
[debug] [2023-11-30T08:30:18.514Z] >>> [apiv2][body] POST https://cloudresourcemanager.googleapis.com/v1/projects/deployment-fsse-june-23:testIamPermissions {"permissions":["cloudfunctions.functions.create","cloudfunctions.functions.delete","cloudfunctions.functions.get","cloudfunctions.functions.list","cloudfunctions.functions.update","cloudfunctions.operations.get","firebase.projects.get"]}
[debug] [2023-11-30T08:30:30.772Z] <<< [apiv2][status] POST https://cloudresourcemanager.googleapis.com/v1/projects/deployment-fsse-june-23:testIamPermissions 200
[debug] [2023-11-30T08:30:30.773Z] <<< [apiv2][body] POST https://cloudresourcemanager.googleapis.com/v1/projects/deployment-fsse-june-23:testIamPermissions {"permissions":["cloudfunctions.functions.create","cloudfunctions.functions.delete","cloudfunctions.functions.get","cloudfunctions.functions.list","cloudfunctions.functions.update","cloudfunctions.operations.get","firebase.projects.get"]}
[debug] [2023-11-30T08:30:30.774Z] >>> [apiv2][query] POST https://iam.googleapis.com/v1/projects/deployment-fsse-june-23/serviceAccounts/deployment-fsse-june-23@appspot.gserviceaccount.com:testIamPermissions [none]
[debug] [2023-11-30T08:30:30.774Z] >>> [apiv2][body] POST https://iam.googleapis.com/v1/projects/deployment-fsse-june-23/serviceAccounts/deployment-fsse-june-23@appspot.gserviceaccount.com:testIamPermissions {"permissions":["iam.serviceAccounts.actAs"]}
[debug] [2023-11-30T08:30:32.132Z] <<< [apiv2][status] POST https://iam.googleapis.com/v1/projects/deployment-fsse-june-23/serviceAccounts/deployment-fsse-june-23@appspot.gserviceaccount.com:testIamPermissions 200
[debug] [2023-11-30T08:30:32.132Z] <<< [apiv2][body] POST https://iam.googleapis.com/v1/projects/deployment-fsse-june-23/serviceAccounts/deployment-fsse-june-23@appspot.gserviceaccount.com:testIamPermissions {"permissions":["iam.serviceAccounts.actAs"]}
[info] 
[info] === Deploying to 'deployment-fsse-june-23'...
[info] 
[info] i  deploying functions 
[debug] [2023-11-30T08:30:32.142Z] >>> [apiv2][query] GET https://firebase.googleapis.com/v1beta1/projects/deployment-fsse-june-23 [none]
[debug] [2023-11-30T08:30:43.684Z] <<< [apiv2][status] GET https://firebase.googleapis.com/v1beta1/projects/deployment-fsse-june-23 200
[debug] [2023-11-30T08:30:43.687Z] <<< [apiv2][body] GET https://firebase.googleapis.com/v1beta1/projects/deployment-fsse-june-23 {"projectId":"deployment-fsse-june-23","projectNumber":"22359952577","displayName":"Deployment-FSSE June 23","name":"projects/deployment-fsse-june-23","resources":{"hostingSite":"deployment-fsse-june-23"},"state":"ACTIVE","etag":"1_af420e3d-60ae-4945-a888-313f9251c607"}
[info] i  functions: preparing codebase adriantori-w22 for deployment 
[info] i  functions: ensuring required API cloudfunctions.googleapis.com is enabled... 
[info] i  functions: ensuring required API cloudbuild.googleapis.com is enabled... 
[info] i  artifactregistry: ensuring required API artifactregistry.googleapis.com is enabled... 
[debug] [2023-11-30T08:30:43.713Z] >>> [apiv2][query] GET https://serviceusage.googleapis.com/v1/projects/deployment-fsse-june-23/services/cloudfunctions.googleapis.com [none]
[debug] [2023-11-30T08:30:43.713Z] >>> [apiv2][(partial)header] GET https://serviceusage.googleapis.com/v1/projects/deployment-fsse-june-23/services/cloudfunctions.googleapis.com x-goog-quota-user=projects/deployment-fsse-june-23
[debug] [2023-11-30T08:30:43.720Z] >>> [apiv2][query] GET https://serviceusage.googleapis.com/v1/projects/deployment-fsse-june-23/services/runtimeconfig.googleapis.com [none]
[debug] [2023-11-30T08:30:43.720Z] >>> [apiv2][(partial)header] GET https://serviceusage.googleapis.com/v1/projects/deployment-fsse-june-23/services/runtimeconfig.googleapis.com x-goog-quota-user=projects/deployment-fsse-june-23
[debug] [2023-11-30T08:30:43.725Z] >>> [apiv2][query] GET https://serviceusage.googleapis.com/v1/projects/deployment-fsse-june-23/services/cloudbuild.googleapis.com [none]
[debug] [2023-11-30T08:30:43.726Z] >>> [apiv2][(partial)header] GET https://serviceusage.googleapis.com/v1/projects/deployment-fsse-june-23/services/cloudbuild.googleapis.com x-goog-quota-user=projects/deployment-fsse-june-23
[debug] [2023-11-30T08:30:43.732Z] >>> [apiv2][query] GET https://serviceusage.googleapis.com/v1/projects/deployment-fsse-june-23/services/artifactregistry.googleapis.com [none]
[debug] [2023-11-30T08:30:43.732Z] >>> [apiv2][(partial)header] GET https://serviceusage.googleapis.com/v1/projects/deployment-fsse-june-23/services/artifactregistry.googleapis.com x-goog-quota-user=projects/deployment-fsse-june-23
[debug] [2023-11-30T08:30:45.264Z] <<< [apiv2][status] GET https://serviceusage.googleapis.com/v1/projects/deployment-fsse-june-23/services/cloudfunctions.googleapis.com 200
[debug] [2023-11-30T08:30:45.265Z] <<< [apiv2][body] GET https://serviceusage.googleapis.com/v1/projects/deployment-fsse-june-23/services/cloudfunctions.googleapis.com [omitted]
[info] +  functions: required API cloudfunctions.googleapis.com is enabled 
[debug] [2023-11-30T08:30:45.269Z] <<< [apiv2][status] GET https://serviceusage.googleapis.com/v1/projects/deployment-fsse-june-23/services/artifactregistry.googleapis.com 200
[debug] [2023-11-30T08:30:45.270Z] <<< [apiv2][body] GET https://serviceusage.googleapis.com/v1/projects/deployment-fsse-june-23/services/artifactregistry.googleapis.com [omitted]
[info] +  artifactregistry: required API artifactregistry.googleapis.com is enabled 
[debug] [2023-11-30T08:30:45.273Z] <<< [apiv2][status] GET https://serviceusage.googleapis.com/v1/projects/deployment-fsse-june-23/services/cloudbuild.googleapis.com 200
[debug] [2023-11-30T08:30:45.274Z] <<< [apiv2][body] GET https://serviceusage.googleapis.com/v1/projects/deployment-fsse-june-23/services/cloudbuild.googleapis.com [omitted]
[info] +  functions: required API cloudbuild.googleapis.com is enabled 
[debug] [2023-11-30T08:30:45.352Z] <<< [apiv2][status] GET https://serviceusage.googleapis.com/v1/projects/deployment-fsse-june-23/services/runtimeconfig.googleapis.com 200
[debug] [2023-11-30T08:30:45.352Z] <<< [apiv2][body] GET https://serviceusage.googleapis.com/v1/projects/deployment-fsse-june-23/services/runtimeconfig.googleapis.com [omitted]
[debug] [2023-11-30T08:30:45.353Z] >>> [apiv2][query] GET https://firebase.googleapis.com/v1beta1/projects/deployment-fsse-june-23/adminSdkConfig [none]
[debug] [2023-11-30T08:30:46.564Z] <<< [apiv2][status] GET https://firebase.googleapis.com/v1beta1/projects/deployment-fsse-june-23/adminSdkConfig 200
[debug] [2023-11-30T08:30:46.565Z] <<< [apiv2][body] GET https://firebase.googleapis.com/v1beta1/projects/deployment-fsse-june-23/adminSdkConfig {"projectId":"deployment-fsse-june-23","storageBucket":"deployment-fsse-june-23.appspot.com"}
[debug] [2023-11-30T08:30:46.566Z] >>> [apiv2][query] GET https://runtimeconfig.googleapis.com/v1beta1/projects/deployment-fsse-june-23/configs [none]
[debug] [2023-11-30T08:30:46.948Z] <<< [apiv2][status] GET https://runtimeconfig.googleapis.com/v1beta1/projects/deployment-fsse-june-23/configs 200
[debug] [2023-11-30T08:30:46.949Z] <<< [apiv2][body] GET https://runtimeconfig.googleapis.com/v1beta1/projects/deployment-fsse-june-23/configs {}
[debug] [2023-11-30T08:30:51.973Z] Error: Timed out.
    at Timeout._onTimeout (C:\Users\AdriA\AppData\Roaming\npm\node_modules\firebase-tools\lib\utils.js:254:49)
    at listOnTimeout (node:internal/timers:569:17)
    at process.processTimers (node:internal/timers:512:7)
[error] 
[error] Error: An unexpected error has occurred.
